Using pre-set license
Built from '2021.3/staging' branch; Version is '2021.3.19f1 (c9714fde33b6) revision 13201743'; Using compiler version '192829333'; Build Type 'Release'
OS: 'Windows 11  (10.0.22621) 64bit Core' Language: 'en' Physical Memory: 7975 MB
BatchMode: 1, IsHumanControllingUs: 0, StartBugReporterOnCrash: 0, Is64bit: 1, IsPro: 1

COMMAND LINE ARGUMENTS:
C:\Program Files\Unity\Hub\Editor\2021.3.19f1\Editor\Unity.exe
-adb2
-batchMode
-noUpm
-name
AssetImportWorker0
-projectPath
C:/Users/mhafi/OneDrive/Documents/Game Project/Traffic light game
-logFile
Logs/AssetImportWorker0.log
-srvPort
58282
Successfully changed project path to: C:/Users/mhafi/OneDrive/Documents/Game Project/Traffic light game
C:/Users/mhafi/OneDrive/Documents/Game Project/Traffic light game
[UnityMemory] Configuration Parameters - Can be set up in boot.config
    "memorysetup-bucket-allocator-granularity=16"
    "memorysetup-bucket-allocator-bucket-count=8"
    "memorysetup-bucket-allocator-block-size=33554432"
    "memorysetup-bucket-allocator-block-count=8"
    "memorysetup-main-allocator-block-size=16777216"
    "memorysetup-thread-allocator-block-size=16777216"
    "memorysetup-gfx-main-allocator-block-size=16777216"
    "memorysetup-gfx-thread-allocator-block-size=16777216"
    "memorysetup-cache-allocator-block-size=4194304"
    "memorysetup-typetree-allocator-block-size=2097152"
    "memorysetup-profiler-bucket-allocator-granularity=16"
    "memorysetup-profiler-bucket-allocator-bucket-count=8"
    "memorysetup-profiler-bucket-allocator-block-size=33554432"
    "memorysetup-profiler-bucket-allocator-block-count=8"
    "memorysetup-profiler-allocator-block-size=16777216"
    "memorysetup-profiler-editor-allocator-block-size=1048576"
    "memorysetup-temp-allocator-size-main=16777216"
    "memorysetup-job-temp-allocator-block-size=2097152"
    "memorysetup-job-temp-allocator-block-size-background=1048576"
    "memorysetup-job-temp-allocator-reduction-small-platforms=262144"
    "memorysetup-temp-allocator-size-background-worker=32768"
    "memorysetup-temp-allocator-size-job-worker=262144"
    "memorysetup-temp-allocator-size-preload-manager=33554432"
    "memorysetup-temp-allocator-size-nav-mesh-worker=65536"
    "memorysetup-temp-allocator-size-audio-worker=65536"
    "memorysetup-temp-allocator-size-cloud-worker=32768"
    "memorysetup-temp-allocator-size-gi-baking-worker=262144"
    "memorysetup-temp-allocator-size-gfx=262144"
Player connection [30792] Host "[IP] 10.108.65.78 [Port] 0 [Flags] 2 [Guid] 291106792 [EditorId] 291106792 [Version] 1048832 [Id] WindowsEditor(7,HafizLaptop) [Debug] 1 [PackageName] WindowsEditor [ProjectName] Editor" joined multi-casting on [225.0.0.222:54997]...

Player connection [30792] Host "[IP] 10.108.65.78 [Port] 0 [Flags] 2 [Guid] 291106792 [EditorId] 291106792 [Version] 1048832 [Id] WindowsEditor(7,HafizLaptop) [Debug] 1 [PackageName] WindowsEditor [ProjectName] Editor" joined alternative multi-casting on [225.0.0.222:34997]...

Refreshing native plugins compatible for Editor in 123.50 ms, found 3 plugins.
Preloading 0 native plugins for Editor in 0.00 ms.
Initialize engine version: 2021.3.19f1 (c9714fde33b6)
[Subsystems] Discovering subsystems at path C:/Program Files/Unity/Hub/Editor/2021.3.19f1/Editor/Data/Resources/UnitySubsystems
[Subsystems] Discovering subsystems at path C:/Users/mhafi/OneDrive/Documents/Game Project/Traffic light game/Assets
GfxDevice: creating device client; threaded=0; jobified=0
Direct3D:
    Version:  Direct3D 11.0 [level 11.1]
    Renderer: NVIDIA GeForce GTX 1650 (ID=0x1f9d)
    Vendor:   NVIDIA
    VRAM:     3952 MB
    Driver:   31.0.15.2686
Initialize mono
Mono path[0] = 'C:/Program Files/Unity/Hub/Editor/2021.3.19f1/Editor/Data/Managed'
Mono path[1] = 'C:/Program Files/Unity/Hub/Editor/2021.3.19f1/Editor/Data/MonoBleedingEdge/lib/mono/unityjit-win32'
Mono config path = 'C:/Program Files/Unity/Hub/Editor/2021.3.19f1/Editor/Data/MonoBleedingEdge/etc'
Using monoOptions --debugger-agent=transport=dt_socket,embedding=1,server=y,suspend=n,address=127.0.0.1:56800
Begin MonoManager ReloadAssembly
Registering precompiled unity dll's ...
Register platform support module: C:/Program Files/Unity/Hub/Editor/2021.3.19f1/Editor/Data/PlaybackEngines/WebGLSupport/UnityEditor.WebGL.Extensions.dll
Register platform support module: C:/Program Files/Unity/Hub/Editor/2021.3.19f1/Editor/Data/PlaybackEngines/WindowsStandaloneSupport/UnityEditor.WindowsStandalone.Extensions.dll
Registered in 0.169385 seconds.
Native extension for WindowsStandalone target not found
Native extension for WebGL target not found
Refreshing native plugins compatible for Editor in 76.64 ms, found 3 plugins.
Preloading 0 native plugins for Editor in 0.00 ms.
Mono: successfully reloaded assembly
- Completed reload, in  4.860 seconds
Domain Reload Profiling:
	ReloadAssembly (4860ms)
		BeginReloadAssembly (4064ms)
			ExecutionOrderSort (0ms)
			DisableScriptedObjects (0ms)
			BackupInstance (0ms)
			ReleaseScriptingObjects (0ms)
			CreateAndSetChildDomain (1ms)
		EndReloadAssembly (512ms)
			LoadAssemblies (4071ms)
			RebuildTransferFunctionScriptingTraits (0ms)
			SetupTypeCache (122ms)
			ReleaseScriptCaches (0ms)
			RebuildScriptCaches (29ms)
			SetupLoadedEditorAssemblies (293ms)
				LogAssemblyErrors (0ms)
				InitializePlatformSupportModulesInManaged (9ms)
				SetLoadedEditorAssemblies (0ms)
				RefreshPlugins (77ms)
				BeforeProcessingInitializeOnLoad (1ms)
				ProcessInitializeOnLoadAttributes (150ms)
				ProcessInitializeOnLoadMethodAttributes (56ms)
				AfterProcessingInitializeOnLoad (0ms)
				EditorAssembliesLoaded (0ms)
			ExecutionOrderSort2 (0ms)
			AwakeInstancesAfterBackupRestoration (0ms)
Platform modules already initialized, skipping
Registering precompiled user dll's ...
Registered in 0.014703 seconds.
Begin MonoManager ReloadAssembly
Symbol file LoadedFromMemory doesn't match image C:\Users\mhafi\OneDrive\Documents\Game Project\Traffic light game\Library\PackageCache\com.unity.visualscripting@1.8.0\Editor\VisualScripting.Core\Dependencies\YamlDotNet\Unity.VisualScripting.YamlDotNet.dll
Symbol file LoadedFromMemory doesn't match image C:\Users\mhafi\OneDrive\Documents\Game Project\Traffic light game\Library\PackageCache\com.unity.visualscripting@1.8.0\Editor\VisualScripting.Core\Dependencies\DotNetZip\Unity.VisualScripting.IonicZip.dll
Native extension for WindowsStandalone target not found
Native extension for WebGL target not found
Refreshing native plugins compatible for Editor in 0.61 ms, found 3 plugins.
Preloading 0 native plugins for Editor in 0.00 ms.
Mono: successfully reloaded assembly
- Completed reload, in  1.209 seconds
Domain Reload Profiling:
	ReloadAssembly (1210ms)
		BeginReloadAssembly (144ms)
			ExecutionOrderSort (0ms)
			DisableScriptedObjects (6ms)
			BackupInstance (0ms)
			ReleaseScriptingObjects (0ms)
			CreateAndSetChildDomain (24ms)
		EndReloadAssembly (924ms)
			LoadAssemblies (151ms)
			RebuildTransferFunctionScriptingTraits (0ms)
			SetupTypeCache (275ms)
			ReleaseScriptCaches (1ms)
			RebuildScriptCaches (52ms)
			SetupLoadedEditorAssemblies (424ms)
				LogAssemblyErrors (0ms)
				InitializePlatformSupportModulesInManaged (7ms)
				SetLoadedEditorAssemblies (0ms)
				RefreshPlugins (1ms)
				BeforeProcessingInitializeOnLoad (105ms)
				ProcessInitializeOnLoadAttributes (273ms)
				ProcessInitializeOnLoadMethodAttributes (27ms)
				AfterProcessingInitializeOnLoad (12ms)
				EditorAssembliesLoaded (0ms)
			ExecutionOrderSort2 (0ms)
			AwakeInstancesAfterBackupRestoration (8ms)
Platform modules already initialized, skipping
========================================================================
Worker process is ready to serve import requests
Launched and connected shader compiler UnityShaderCompiler.exe after 0.07 seconds
Refreshing native plugins compatible for Editor in 0.52 ms, found 3 plugins.
Preloading 0 native plugins for Editor in 0.00 ms.
Unloading 3047 Unused Serialized files (Serialized files now loaded: 0)
Unloading 24 unused Assets / (113.7 KB). Loaded Objects now: 3507.
Memory consumption went from 107.5 MB to 107.3 MB.
Total: 3.147800 ms (FindLiveObjects: 0.400500 ms CreateObjectMapping: 0.147100 ms MarkObjects: 2.444400 ms  DeleteObjects: 0.154500 ms)

AssetImportParameters requested are different than current active one (requested -> active):
  custom:video-decoder-ogg-theora: a1e56fd34408186e4bbccfd4996cb3dc -> 
  custom:container-muxer-webm: aa71ff27fc2769a1b78a27578f13a17b -> 
  custom:container-demuxer-webm: 4f35f7cbe854078d1ac9338744f61a02 -> 
  custom:video-encoder-webm-vp8: eb34c28f22e8b96e1ab97ce403110664 -> 
  custom:video-codec-MediaFoundation-h265: 746d11721c4dcdbdad8f713fa42b33f4 -> 
  custom:audio-encoder-webm-vorbis: bf7c407c2cedff20999df2af8eb42d56 -> 
  custom:framework-win-MediaFoundation: 216162199b28c13a410421893ffa2e32 -> 
  custom:container-demuxer-ogg: 62fdf1f143b41e24485cea50d1cbac27 -> 
  custom:video-decoder-webm-vp8: 9c59270c3fd7afecdb556c50c9e8de78 -> 
  custom:audio-decoder-ogg-vorbis: bf7c407c2cedff20999df2af8eb42d56 -> 
========================================================================
Received Import Request.
  Time since last request: 601682.919759 seconds.
  path: Assets
  artifactKey: Guid(00000000000000001000000000000000) Importer(815301076,1909f56bfc062723c751e8b465ee728b)
Start importing Assets using Guid(00000000000000001000000000000000) Importer(815301076,1909f56bfc062723c751e8b465ee728b)  -> (artifact id: '79842766b460edbeab6a34051e857a80') in 0.012776 seconds 
========================================================================
Received Import Request.
  Time since last request: 119.489915 seconds.
  path: Assets/ModularLowpolyStreetsFree
  artifactKey: Guid(fab6b73e8529de1499861a54a6420ee2) Importer(815301076,1909f56bfc062723c751e8b465ee728b)
Start importing Assets/ModularLowpolyStreetsFree using Guid(fab6b73e8529de1499861a54a6420ee2) Importer(815301076,1909f56bfc062723c751e8b465ee728b)  -> (artifact id: 'de412b4870983b236df81bfbe7379641') in 0.023634 seconds 
========================================================================
Received Import Request.
  Time since last request: 2.714113 seconds.
  path: Assets/ModularLowpolyStreetsFree/Materials
  artifactKey: Guid(f654b0c935390cb4da8518c7cc3ee8d3) Importer(815301076,1909f56bfc062723c751e8b465ee728b)
Start importing Assets/ModularLowpolyStreetsFree/Materials using Guid(f654b0c935390cb4da8518c7cc3ee8d3) Importer(815301076,1909f56bfc062723c751e8b465ee728b)  -> (artifact id: '6db5742f849b06ede9838ae9c34c0f0f') in 0.011548 seconds 
========================================================================
Received Import Request.
  Time since last request: 6.667032 seconds.
  path: Assets/ModularLowpolyStreetsFree/Materials/Roads
  artifactKey: Guid(385b2f7d198470148bf6a19e72036d14) Importer(815301076,1909f56bfc062723c751e8b465ee728b)
Start importing Assets/ModularLowpolyStreetsFree/Materials/Roads using Guid(385b2f7d198470148bf6a19e72036d14) Importer(815301076,1909f56bfc062723c751e8b465ee728b)  -> (artifact id: 'c08016761f5a1e30942b4355ceebfd51') in 0.010710 seconds 
========================================================================
Received Import Request.
  Time since last request: 0.065305 seconds.
  path: Assets/ModularLowpolyStreetsFree/Materials/Roads/Border.mat
  artifactKey: Guid(49658c6e81bdb5542adfcb43a4324d86) Importer(815301076,1909f56bfc062723c751e8b465ee728b)
Start importing Assets/ModularLowpolyStreetsFree/Materials/Roads/Border.mat using Guid(49658c6e81bdb5542adfcb43a4324d86) Importer(815301076,1909f56bfc062723c751e8b465ee728b)  -> (artifact id: 'bce9beeaecad2282c4e1bf58daa949c4') in 0.618173 seconds 
========================================================================
Received Import Request.
  Time since last request: 0.000071 seconds.
  path: Assets/ModularLowpolyStreetsFree/Materials/Roads/Crossroads-1-lines-walk.mat
  artifactKey: Guid(206d16026d8514549bfa91a62e6a7f5d) Importer(815301076,1909f56bfc062723c751e8b465ee728b)
Start importing Assets/ModularLowpolyStreetsFree/Materials/Roads/Crossroads-1-lines-walk.mat using Guid(206d16026d8514549bfa91a62e6a7f5d) Importer(815301076,1909f56bfc062723c751e8b465ee728b)  -> (artifact id: '19414a6aab0e83f632060255cf83f4db') in 0.066267 seconds 
========================================================================
Received Import Request.
  Time since last request: 0.000073 seconds.
  path: Assets/ModularLowpolyStreetsFree/Materials/Roads/Road-1-line-turn-1.mat
  artifactKey: Guid(3a841dc28c751b64899dfd35e43a91f9) Importer(815301076,1909f56bfc062723c751e8b465ee728b)
Start importing Assets/ModularLowpolyStreetsFree/Materials/Roads/Road-1-line-turn-1.mat using Guid(3a841dc28c751b64899dfd35e43a91f9) Importer(815301076,1909f56bfc062723c751e8b465ee728b)  -> (artifact id: '79e47f4107efbb84dc4af64896e8268a') in 0.080200 seconds 
========================================================================
Received Import Request.
  Time since last request: 0.000041 seconds.
  path: Assets/ModularLowpolyStreetsFree/Materials/Roads/Pavement.mat
  artifactKey: Guid(ad9b23eb22f4c5d4eab51aaec94fda13) Importer(815301076,1909f56bfc062723c751e8b465ee728b)
Start importing Assets/ModularLowpolyStreetsFree/Materials/Roads/Pavement.mat using Guid(ad9b23eb22f4c5d4eab51aaec94fda13) Importer(815301076,1909f56bfc062723c751e8b465ee728b)  -> (artifact id: 'a98f3f774f28f3c54a9f1725c5f83c41') in 0.080133 seconds 
========================================================================
Received Import Request.
  Time since last request: 0.000048 seconds.
  path: Assets/ModularLowpolyStreetsFree/Materials/Roads/Road-1-line-turn-2.mat
  artifactKey: Guid(e95b96e568a89b04eada01942ea3d4ca) Importer(815301076,1909f56bfc062723c751e8b465ee728b)
Start importing Assets/ModularLowpolyStreetsFree/Materials/Roads/Road-1-line-turn-2.mat using Guid(e95b96e568a89b04eada01942ea3d4ca) Importer(815301076,1909f56bfc062723c751e8b465ee728b)  -> (artifact id: 'b9d496b0cb1fa2d63d37895fba189b46') in 0.062607 seconds 
========================================================================
Received Import Request.
  Time since last request: 34.305871 seconds.
  path: Assets/Tarbo-CITY-TrafficLights/Materials
  artifactKey: Guid(6c4ec40a528e0844c88b84284ddbfa68) Importer(815301076,1909f56bfc062723c751e8b465ee728b)
Start importing Assets/Tarbo-CITY-TrafficLights/Materials using Guid(6c4ec40a528e0844c88b84284ddbfa68) Importer(815301076,1909f56bfc062723c751e8b465ee728b)  -> (artifact id: '175df0d9b4ec23b9ea0016c22d1822f5') in 0.004308 seconds 
========================================================================
Received Import Request.
  Time since last request: 0.066213 seconds.
  path: Assets/Tarbo-CITY-TrafficLights/Materials/Floor.mat
  artifactKey: Guid(5fd138741043b5a418c7869735a2c88c) Importer(815301076,1909f56bfc062723c751e8b465ee728b)
Start importing Assets/Tarbo-CITY-TrafficLights/Materials/Floor.mat using Guid(5fd138741043b5a418c7869735a2c88c) Importer(815301076,1909f56bfc062723c751e8b465ee728b)  -> (artifact id: '39049efa2accadb4b0428e4d4ef43929') in 0.209229 seconds 
========================================================================
Received Import Request.
  Time since last request: 29.739716 seconds.
  path: Assets/Tarbo-CITY-TrafficLights/Demo/TrafficLights.unity
  artifactKey: Guid(fc42a26c972ee6a45a074635c3c6983e) Importer(815301076,1909f56bfc062723c751e8b465ee728b)
Start importing Assets/Tarbo-CITY-TrafficLights/Demo/TrafficLights.unity using Guid(fc42a26c972ee6a45a074635c3c6983e) Importer(815301076,1909f56bfc062723c751e8b465ee728b)  -> (artifact id: 'd6e361faeaf4b7cedf6e5e94d590a9ac') in 0.011737 seconds 
========================================================================
Received Import Request.
  Time since last request: 121.750412 seconds.
  path: Assets/Scenes
  artifactKey: Guid(6ea315d0fd7389c41b19996891e99ae3) Importer(815301076,1909f56bfc062723c751e8b465ee728b)
Start importing Assets/Scenes using Guid(6ea315d0fd7389c41b19996891e99ae3) Importer(815301076,1909f56bfc062723c751e8b465ee728b)  -> (artifact id: 'b8193726cff86800c54781cdc6d54904') in 0.015497 seconds 
========================================================================
Received Import Request.
  Time since last request: 0.763511 seconds.
  path: Assets/Tarbo-CITY-TrafficLights
  artifactKey: Guid(bc3d6c2677d70e04cb94f4a2c037663e) Importer(815301076,1909f56bfc062723c751e8b465ee728b)
Start importing Assets/Tarbo-CITY-TrafficLights using Guid(bc3d6c2677d70e04cb94f4a2c037663e) Importer(815301076,1909f56bfc062723c751e8b465ee728b)  -> (artifact id: '41c8f0e2410f371d1f27d94f4c748d2b') in 0.016515 seconds 
========================================================================
Received Import Request.
  Time since last request: 3.609500 seconds.
  path: Assets/ModularLowpolyStreetsFree/FBX
  artifactKey: Guid(1bceb3a02d7d3914c8716ce87803e0ba) Importer(815301076,1909f56bfc062723c751e8b465ee728b)
Start importing Assets/ModularLowpolyStreetsFree/FBX using Guid(1bceb3a02d7d3914c8716ce87803e0ba) Importer(815301076,1909f56bfc062723c751e8b465ee728b)  -> (artifact id: '7b65db75093e8c6d568fd9855e9f7082') in 0.020172 seconds 
========================================================================
Received Import Request.
  Time since last request: 9.192350 seconds.
  path: Assets/ModularLowpolyStreetsFree/Materials/Roads/Textures
  artifactKey: Guid(485277e4310bcdb42a0a94bf81921338) Importer(815301076,1909f56bfc062723c751e8b465ee728b)
Start importing Assets/ModularLowpolyStreetsFree/Materials/Roads/Textures using Guid(485277e4310bcdb42a0a94bf81921338) Importer(815301076,1909f56bfc062723c751e8b465ee728b)  -> (artifact id: '4469bc9cfcbd6c4a3937d3f0997f0a6c') in 0.038451 seconds 
========================================================================
Received Import Request.
  Time since last request: 13.344824 seconds.
  path: Assets/ModularLowpolyStreetsFree/Prefabs/Complex
  artifactKey: Guid(ccd5fe1851ac05f439252140ac228db2) Importer(815301076,1909f56bfc062723c751e8b465ee728b)
Start importing Assets/ModularLowpolyStreetsFree/Prefabs/Complex using Guid(ccd5fe1851ac05f439252140ac228db2) Importer(815301076,1909f56bfc062723c751e8b465ee728b)  -> (artifact id: '8dfef081676bb638a33c8db04ab65a36') in 0.045016 seconds 
========================================================================
Received Import Request.
  Time since last request: 3.159873 seconds.
  path: Assets/ModularLowpolyStreetsFree/Prefabs/Complex/Crossroads_1.prefab
  artifactKey: Guid(33ae3a99eddf3ea469439cebc3eb3d44) Importer(815301076,1909f56bfc062723c751e8b465ee728b)
Start importing Assets/ModularLowpolyStreetsFree/Prefabs/Complex/Crossroads_1.prefab using Guid(33ae3a99eddf3ea469439cebc3eb3d44) Importer(815301076,1909f56bfc062723c751e8b465ee728b)  -> (artifact id: '92e849979f83145fb8f287c36d2f89d2') in 0.792049 seconds 
========================================================================
Received Import Request.
  Time since last request: 0.077900 seconds.
  path: Assets/ModularLowpolyStreetsFree/Prefabs/Complex/Crossroads_2.prefab
  artifactKey: Guid(8f352fc1555608546b47a1dd0630ba96) Importer(815301076,1909f56bfc062723c751e8b465ee728b)
Start importing Assets/ModularLowpolyStreetsFree/Prefabs/Complex/Crossroads_2.prefab using Guid(8f352fc1555608546b47a1dd0630ba96) Importer(815301076,1909f56bfc062723c751e8b465ee728b)  -> (artifact id: '92e6dd544c50723b2a75a767d0dd3fad') in 0.299528 seconds 
========================================================================
Received Import Request.
  Time since last request: 0.866370 seconds.
  path: Assets/ModularLowpolyStreetsFree/Prefabs/Complex/Crossroads_circ.prefab
  artifactKey: Guid(d175b2d114b22ec43bdb82765e45905e) Importer(815301076,1909f56bfc062723c751e8b465ee728b)
Start importing Assets/ModularLowpolyStreetsFree/Prefabs/Complex/Crossroads_circ.prefab using Guid(d175b2d114b22ec43bdb82765e45905e) Importer(815301076,1909f56bfc062723c751e8b465ee728b)  -> (artifact id: '9bd3b6a9e6b451318602a6c54538b68c') in 0.114258 seconds 
========================================================================
Received Import Request.
  Time since last request: 1.240879 seconds.
  path: Assets/ModularLowpolyStreetsFree/Prefabs/Complex/Road_1_line_5m.prefab
  artifactKey: Guid(105ea11a9af6f324fad068c4b2021ed4) Importer(815301076,1909f56bfc062723c751e8b465ee728b)
Start importing Assets/ModularLowpolyStreetsFree/Prefabs/Complex/Road_1_line_5m.prefab using Guid(105ea11a9af6f324fad068c4b2021ed4) Importer(815301076,1909f56bfc062723c751e8b465ee728b)  -> (artifact id: '26fc0cee327a3d2eea58cfff30f49b73') in 0.116553 seconds 
========================================================================
Received Import Request.
  Time since last request: 39.472921 seconds.
  path: Assets/ModularLowpolyStreetsFree/Prefabs/Complex/Road_1_line_10m.prefab
  artifactKey: Guid(4563cd8ca3d35de49ab2f8b59f8f2f0e) Importer(815301076,1909f56bfc062723c751e8b465ee728b)
Start importing Assets/ModularLowpolyStreetsFree/Prefabs/Complex/Road_1_line_10m.prefab using Guid(4563cd8ca3d35de49ab2f8b59f8f2f0e) Importer(815301076,1909f56bfc062723c751e8b465ee728b)  -> (artifact id: 'd922db1ec7f6f4792fa8caaab896119a') in 0.145728 seconds 
========================================================================
Received Import Request.
  Time since last request: 6.891920 seconds.
  path: Assets/ModularLowpolyStreetsFree/Prefabs/Other/Bench_1.prefab
  artifactKey: Guid(f3e46b4b7b1590a4c87983b3645c9a49) Importer(815301076,1909f56bfc062723c751e8b465ee728b)
Start importing Assets/ModularLowpolyStreetsFree/Prefabs/Other/Bench_1.prefab using Guid(f3e46b4b7b1590a4c87983b3645c9a49) Importer(815301076,1909f56bfc062723c751e8b465ee728b)  -> (artifact id: '886822a8b68d3e69e9c88cbd8d3b4c5c') in 0.029306 seconds 
========================================================================
Received Import Request.
  Time since last request: 0.571601 seconds.
  path: Assets/ModularLowpolyStreetsFree/Prefabs/Other/Cafe_table_1.prefab
  artifactKey: Guid(b2afe1d4277a42d4fa77ec5e1dda634b) Importer(815301076,1909f56bfc062723c751e8b465ee728b)
Start importing Assets/ModularLowpolyStreetsFree/Prefabs/Other/Cafe_table_1.prefab using Guid(b2afe1d4277a42d4fa77ec5e1dda634b) Importer(815301076,1909f56bfc062723c751e8b465ee728b)  -> (artifact id: 'beed895296ef4425eb973047ae6856e7') in 0.063391 seconds 
========================================================================
Received Import Request.
  Time since last request: 2.045503 seconds.
  path: Assets/ModularLowpolyStreetsFree/Prefabs/Other/Hydrant.prefab
  artifactKey: Guid(03d296105c3a0f84cb5140874c2617d3) Importer(815301076,1909f56bfc062723c751e8b465ee728b)
Start importing Assets/ModularLowpolyStreetsFree/Prefabs/Other/Hydrant.prefab using Guid(03d296105c3a0f84cb5140874c2617d3) Importer(815301076,1909f56bfc062723c751e8b465ee728b)  -> (artifact id: '7d8201f9ce3618cae12853ebde8747ce') in 0.054421 seconds 
========================================================================
Received Import Request.
  Time since last request: 0.418621 seconds.
  path: Assets/ModularLowpolyStreetsFree/Prefabs/Other/Pole1.prefab
  artifactKey: Guid(8dd6e4c395c47934d96ec25c17ccbb58) Importer(815301076,1909f56bfc062723c751e8b465ee728b)
Start importing Assets/ModularLowpolyStreetsFree/Prefabs/Other/Pole1.prefab using Guid(8dd6e4c395c47934d96ec25c17ccbb58) Importer(815301076,1909f56bfc062723c751e8b465ee728b)  -> (artifact id: '88fbf46f5b87ff208150de6bbf09aa41') in 0.050017 seconds 
========================================================================
Received Import Request.
  Time since last request: 0.450062 seconds.
  path: Assets/ModularLowpolyStreetsFree/Prefabs/Other/Pole3.prefab
  artifactKey: Guid(1ce08bd17cd106140abcf13b285e3a2f) Importer(815301076,1909f56bfc062723c751e8b465ee728b)
Start importing Assets/ModularLowpolyStreetsFree/Prefabs/Other/Pole3.prefab using Guid(1ce08bd17cd106140abcf13b285e3a2f) Importer(815301076,1909f56bfc062723c751e8b465ee728b)  -> (artifact id: '8e98754aee81e99746a0f1714525251d') in 0.066999 seconds 
========================================================================
Received Import Request.
  Time since last request: 0.571955 seconds.
  path: Assets/ModularLowpolyStreetsFree/Prefabs/Other/Pole_traffic_light.prefab
  artifactKey: Guid(d037f104ae100f4419eba5cca18510ff) Importer(815301076,1909f56bfc062723c751e8b465ee728b)
Start importing Assets/ModularLowpolyStreetsFree/Prefabs/Other/Pole_traffic_light.prefab using Guid(d037f104ae100f4419eba5cca18510ff) Importer(815301076,1909f56bfc062723c751e8b465ee728b)  -> (artifact id: '66d29b619e0f88c25067df383db755b4') in 0.057451 seconds 
========================================================================
Received Import Request.
  Time since last request: 1.869390 seconds.
  path: Assets/ModularLowpolyStreetsFree/Prefabs/Other/Sewer_hatch.prefab
  artifactKey: Guid(cf9f743314e83f945a022e4e1f773e3e) Importer(815301076,1909f56bfc062723c751e8b465ee728b)
Start importing Assets/ModularLowpolyStreetsFree/Prefabs/Other/Sewer_hatch.prefab using Guid(cf9f743314e83f945a022e4e1f773e3e) Importer(815301076,1909f56bfc062723c751e8b465ee728b)  -> (artifact id: '4c141337837666f7b20b5bea55c01dc6') in 0.031503 seconds 
========================================================================
Received Import Request.
  Time since last request: 1.370586 seconds.
  path: Assets/ModularLowpolyStreetsFree/Prefabs/Other/Traffic_cone.prefab
  artifactKey: Guid(f14800a72eef93b4b8f9e5abc3844f0d) Importer(815301076,1909f56bfc062723c751e8b465ee728b)
Start importing Assets/ModularLowpolyStreetsFree/Prefabs/Other/Traffic_cone.prefab using Guid(f14800a72eef93b4b8f9e5abc3844f0d) Importer(815301076,1909f56bfc062723c751e8b465ee728b)  -> (artifact id: '71d6846a7fd1f42ec3d51fc29276c401') in 0.034184 seconds 
========================================================================
Received Import Request.
  Time since last request: 0.630452 seconds.
  path: Assets/ModularLowpolyStreetsFree/Prefabs/Other/Trash_can_1.prefab
  artifactKey: Guid(5621aa4915c640b4da9c0a273c74e932) Importer(815301076,1909f56bfc062723c751e8b465ee728b)
Start importing Assets/ModularLowpolyStreetsFree/Prefabs/Other/Trash_can_1.prefab using Guid(5621aa4915c640b4da9c0a273c74e932) Importer(815301076,1909f56bfc062723c751e8b465ee728b)  -> (artifact id: 'f3839f9cd718b18e8911fce5656fcb6b') in 0.028492 seconds 
========================================================================
Received Import Request.
  Time since last request: 0.598155 seconds.
  path: Assets/ModularLowpolyStreetsFree/Prefabs/Other/Traffic_light.prefab
  artifactKey: Guid(900f03829bb8941428e9260f447d5fba) Importer(815301076,1909f56bfc062723c751e8b465ee728b)
Start importing Assets/ModularLowpolyStreetsFree/Prefabs/Other/Traffic_light.prefab using Guid(900f03829bb8941428e9260f447d5fba) Importer(815301076,1909f56bfc062723c751e8b465ee728b)  -> (artifact id: '4401b096ba6d930ccf9636cabad91986') in 0.045048 seconds 
========================================================================
Received Import Request.
  Time since last request: 1.150062 seconds.
  path: Assets/ModularLowpolyStreetsFree/Prefabs/Other/Tree1.prefab
  artifactKey: Guid(28a69432604101f4e8b2e93b7d82201d) Importer(815301076,1909f56bfc062723c751e8b465ee728b)
Start importing Assets/ModularLowpolyStreetsFree/Prefabs/Other/Tree1.prefab using Guid(28a69432604101f4e8b2e93b7d82201d) Importer(815301076,1909f56bfc062723c751e8b465ee728b)  -> (artifact id: '737bfd504590e872bd6d459bfbc15ea4') in 0.043971 seconds 
========================================================================
Received Import Request.
  Time since last request: 2.049717 seconds.
  path: Assets/ModularLowpolyStreetsFree/Prefabs/Roads
  artifactKey: Guid(ce5573bf2f5f34643ab808754f4f0ac1) Importer(815301076,1909f56bfc062723c751e8b465ee728b)
Start importing Assets/ModularLowpolyStreetsFree/Prefabs/Roads using Guid(ce5573bf2f5f34643ab808754f4f0ac1) Importer(815301076,1909f56bfc062723c751e8b465ee728b)  -> (artifact id: '865e6d0f1f29c252672cbd8932db71b4') in 0.004476 seconds 
========================================================================
Received Import Request.
  Time since last request: 1.109499 seconds.
  path: Assets/ModularLowpolyStreetsFree/Prefabs/Roads/Crossroads_1_lines_circ.prefab
  artifactKey: Guid(41531554de1577f419a6c056467182f5) Importer(815301076,1909f56bfc062723c751e8b465ee728b)
Start importing Assets/ModularLowpolyStreetsFree/Prefabs/Roads/Crossroads_1_lines_circ.prefab using Guid(41531554de1577f419a6c056467182f5) Importer(815301076,1909f56bfc062723c751e8b465ee728b)  -> (artifact id: 'eb757b0fabe99d8e0d93bb930d8219a5') in 0.073704 seconds 
========================================================================
Received Import Request.
  Time since last request: 1.556486 seconds.
  path: Assets/ModularLowpolyStreetsFree/Prefabs/Roads/Crossroads_1_lines_2_walk.prefab
  artifactKey: Guid(610857578956dd14086cc62aeb1c45e0) Importer(815301076,1909f56bfc062723c751e8b465ee728b)
Start importing Assets/ModularLowpolyStreetsFree/Prefabs/Roads/Crossroads_1_lines_2_walk.prefab using Guid(610857578956dd14086cc62aeb1c45e0) Importer(815301076,1909f56bfc062723c751e8b465ee728b)  -> (artifact id: '065bbcdc1dc99a2b4a6835f88ff41f71') in 0.075736 seconds 
========================================================================
Received Import Request.
  Time since last request: 1.052728 seconds.
  path: Assets/ModularLowpolyStreetsFree/Prefabs/Roads/Pavement.prefab
  artifactKey: Guid(efe06c0608269fb45a852b9c1aff7526) Importer(815301076,1909f56bfc062723c751e8b465ee728b)
Start importing Assets/ModularLowpolyStreetsFree/Prefabs/Roads/Pavement.prefab using Guid(efe06c0608269fb45a852b9c1aff7526) Importer(815301076,1909f56bfc062723c751e8b465ee728b)  -> (artifact id: 'c14f6e125661a11a1faac6dcff5ae84f') in 0.041453 seconds 
========================================================================
Received Import Request.
  Time since last request: 0.858986 seconds.
  path: Assets/ModularLowpolyStreetsFree/Prefabs/Roads/Road_1_line_turn.prefab
  artifactKey: Guid(98ccc622328d9af478c80599fd4022f0) Importer(815301076,1909f56bfc062723c751e8b465ee728b)
Start importing Assets/ModularLowpolyStreetsFree/Prefabs/Roads/Road_1_line_turn.prefab using Guid(98ccc622328d9af478c80599fd4022f0) Importer(815301076,1909f56bfc062723c751e8b465ee728b)  -> (artifact id: 'cf2f1d86afc535eebbaa0fe3cdbdb70f') in 0.122617 seconds 
========================================================================
Received Import Request.
  Time since last request: 0.746606 seconds.
  path: Assets/ModularLowpolyStreetsFree/Prefabs/Roads/Road_1_line.prefab
  artifactKey: Guid(dfec8d9b723b08e4ab4463a1b8f9cd7d) Importer(815301076,1909f56bfc062723c751e8b465ee728b)
Start importing Assets/ModularLowpolyStreetsFree/Prefabs/Roads/Road_1_line.prefab using Guid(dfec8d9b723b08e4ab4463a1b8f9cd7d) Importer(815301076,1909f56bfc062723c751e8b465ee728b)  -> (artifact id: '3a9eae7487a431a557989bf7ff5ea550') in 0.085926 seconds 
========================================================================
Received Import Request.
  Time since last request: 2.314512 seconds.
  path: Assets/ModularLowpolyStreetsFree/Scenes
  artifactKey: Guid(25b753af47108784b90594d99216ba76) Importer(815301076,1909f56bfc062723c751e8b465ee728b)
Start importing Assets/ModularLowpolyStreetsFree/Scenes using Guid(25b753af47108784b90594d99216ba76) Importer(815301076,1909f56bfc062723c751e8b465ee728b)  -> (artifact id: '985b1b67f0bae662b2b8a0a6b8426e79') in 0.015972 seconds 
========================================================================
Received Import Request.
  Time since last request: 1.253889 seconds.
  path: Assets/ModularLowpolyStreetsFree/Scenes/All prefabs.unity
  artifactKey: Guid(fe47060a395915648a14007bf60faca7) Importer(815301076,1909f56bfc062723c751e8b465ee728b)
Start importing Assets/ModularLowpolyStreetsFree/Scenes/All prefabs.unity using Guid(fe47060a395915648a14007bf60faca7) Importer(815301076,1909f56bfc062723c751e8b465ee728b)  -> (artifact id: '91550d8294fefa9ee0bd5c0efb834bf8') in 0.014660 seconds 
========================================================================
Received Import Request.
  Time since last request: 0.887637 seconds.
  path: Assets/ModularLowpolyStreetsFree/Scenes/All complex prefabs.unity
  artifactKey: Guid(5d4ea532a0e1306488f78e416f777e0d) Importer(815301076,1909f56bfc062723c751e8b465ee728b)
Start importing Assets/ModularLowpolyStreetsFree/Scenes/All complex prefabs.unity using Guid(5d4ea532a0e1306488f78e416f777e0d) Importer(815301076,1909f56bfc062723c751e8b465ee728b)  -> (artifact id: '7992285caebcf75b34753726fa40d0de') in 0.017789 seconds 
========================================================================
Received Import Request.
  Time since last request: 23.230540 seconds.
  path: Assets/ModularLowpolyStreetsFree/Prefabs/Other/Sewer_grill.prefab
  artifactKey: Guid(1d16f3802fbd9ae488e8ddc41eea5b42) Importer(815301076,1909f56bfc062723c751e8b465ee728b)
Start importing Assets/ModularLowpolyStreetsFree/Prefabs/Other/Sewer_grill.prefab using Guid(1d16f3802fbd9ae488e8ddc41eea5b42) Importer(815301076,1909f56bfc062723c751e8b465ee728b)  -> (artifact id: 'df591f8c2053ad288775cd2b4fe59210') in 0.025791 seconds 
========================================================================
Received Import Request.
  Time since last request: 22.355566 seconds.
  path: Assets/ModularLowpolyStreetsFree/Prefabs/Roads/Crossroads_1_lines_walk.prefab
  artifactKey: Guid(566725c8dfb238f419a8e9342ffaab05) Importer(815301076,1909f56bfc062723c751e8b465ee728b)
Start importing Assets/ModularLowpolyStreetsFree/Prefabs/Roads/Crossroads_1_lines_walk.prefab using Guid(566725c8dfb238f419a8e9342ffaab05) Importer(815301076,1909f56bfc062723c751e8b465ee728b)  -> (artifact id: 'd93bd6b1606f6a57ec2dd9f6a8379806') in 0.061526 seconds 
